<?xml version="1.0" encoding="UTF-8"?>
<!-- Generated by org.testng.reporters.JUnitReportReporter -->
<testsuite hostname="Suwimons-MBP" failures="0" tests="1" name="TestCase.testcase1" time="0.469" errors="0" timestamp="2022-06-04T12:51:42 EDT" skipped="0">
  <testcase classname="TestCase.testcase1" name="Test" time="0.469"/>
  <system-out/>
</testsuite> <!-- TestCase.testcase1 -->
