<?xml version="1.0" encoding="UTF-8"?>
<!-- Generated by org.testng.reporters.JUnitReportReporter -->
<testsuite hostname="Suwimons-MBP" failures="0" tests="2" name="TestCase.testcase1" time="7.508" errors="0" timestamp="2022-06-04T14:08:34 EDT" skipped="1">
  <testcase classname="TestCase.testcase1" name="SearchItem" time="7.508"/>
  <system-out/>
  <testcase classname="TestCase.testcase1" name="TestLogin">
    <skipped/>
  </testcase> <!-- TestLogin -->
  <system-out/>
</testsuite> <!-- TestCase.testcase1 -->
